<?xml version="1.0" encoding="utf-8" standalone="no"?>
<test-results xmlns:xsi="http://www.w3.org/2001/XMLSchema-instance" xsi:noNamespaceSchemaLocation="nunit_schema_2.5.xsd" name="Pester" total="143" errors="0" failures="0" not-run="0" inconclusive="0" ignored="0" skipped="2" invalid="0" date="2023-03-07" time="06:56:36">
  <environment os-version="10.0.19045" nunit-version="2.5.8.0" cwd="C:\Scripts\Repositories\PSRocketLaunch\tests" clr-version="Unknown" platform="Microsoft Windows 10 Education|C:\WINDOWS|\Device\Harddisk0\Partition3" machine-name="AU7134QV2" user-domain="AMERICAN" user="squires" />
  <culture-info current-culture="en-US" current-uiculture="en-US" />
  <test-suite type="TestFixture" name="Pester" executed="True" result="Ignored" success="True" time="8.0664" asserts="0" description="Pester">
    <results>
      <test-suite type="TestFixture" name="C:\Scripts\Repositories\PSRocketLaunch\tests\Help.tests.ps1" executed="True" result="Success" success="True" time="7.4301" asserts="0" description="C:\Scripts\Repositories\PSRocketLaunch\tests\Help.tests.ps1">
        <results>
          <test-suite type="TestFixture" name="Test help for Get-RLCompany" executed="True" result="Success" success="True" time="1.0931" asserts="0" description="Test help for Get-RLCompany">
            <results>
              <test-suite type="TestFixture" name="Test help for Get-RLCompany.Parameter CountryCode" executed="True" result="Success" success="True" time="0.9529" asserts="0" description="Test help for Get-RLCompany.Parameter CountryCode">
                <results>
                  <test-case description="Has description" name="Test help for Get-RLCompany.Parameter CountryCode.Has description" time="0.0171" asserts="0" success="True" result="Success" executed="True" />
                  <test-case description="Has correct [mandatory] value" name="Test help for Get-RLCompany.Parameter CountryCode.Has correct [mandatory] value" time="0.0132" asserts="0" success="True" result="Success" executed="True" />
                  <test-case description="Has correct parameter type" name="Test help for Get-RLCompany.Parameter CountryCode.Has correct parameter type" time="0.0113" asserts="0" success="True" result="Success" executed="True" />
                </results>
              </test-suite>
              <test-suite type="TestFixture" name="Test help for Get-RLCompany.Parameter ID" executed="True" result="Success" success="True" time="0.9971" asserts="0" description="Test help for Get-RLCompany.Parameter ID">
                <results>
                  <test-case description="Has description" name="Test help for Get-RLCompany.Parameter ID.Has description" time="0.0162" asserts="0" success="True" result="Success" executed="True" />
                  <test-case description="Has correct [mandatory] value" name="Test help for Get-RLCompany.Parameter ID.Has correct [mandatory] value" time="0.0081" asserts="0" success="True" result="Success" executed="True" />
                  <test-case description="Has correct parameter type" name="Test help for Get-RLCompany.Parameter ID.Has correct parameter type" time="0.0166" asserts="0" success="True" result="Success" executed="True" />
                </results>
              </test-suite>
              <test-suite type="TestFixture" name="Test help for Get-RLCompany.Parameter Name" executed="True" result="Success" success="True" time="1.0338" asserts="0" description="Test help for Get-RLCompany.Parameter Name">
                <results>
                  <test-case description="Has description" name="Test help for Get-RLCompany.Parameter Name.Has description" time="0.0139" asserts="0" success="True" result="Success" executed="True" />
                  <test-case description="Has correct [mandatory] value" name="Test help for Get-RLCompany.Parameter Name.Has correct [mandatory] value" time="0.009" asserts="0" success="True" result="Success" executed="True" />
                  <test-case description="Has correct parameter type" name="Test help for Get-RLCompany.Parameter Name.Has correct parameter type" time="0.0077" asserts="0" success="True" result="Success" executed="True" />
                </results>
              </test-suite>
              <test-suite type="TestFixture" name="Test help for Get-RLCompany.Parameter Page" executed="True" result="Success" success="True" time="1.0797" asserts="0" description="Test help for Get-RLCompany.Parameter Page">
                <results>
                  <test-case description="Has description" name="Test help for Get-RLCompany.Parameter Page.Has description" time="0.0158" asserts="0" success="True" result="Success" executed="True" />
                  <test-case description="Has correct [mandatory] value" name="Test help for Get-RLCompany.Parameter Page.Has correct [mandatory] value" time="0.0087" asserts="0" success="True" result="Success" executed="True" />
                  <test-case description="Has correct parameter type" name="Test help for Get-RLCompany.Parameter Page.Has correct parameter type" time="0.0098" asserts="0" success="True" result="Success" executed="True" />
                </results>
              </test-suite>
              <test-case description="Help is not auto-generated" name="Test help for Get-RLCompany.Help is not auto-generated" time="0.0214" asserts="0" success="True" result="Success" executed="True" />
              <test-case description="Has description" name="Test help for Get-RLCompany.Has description" time="0.0084" asserts="0" success="True" result="Success" executed="True" />
              <test-case description="Has example code" name="Test help for Get-RLCompany.Has example code" time="0.0099" asserts="0" success="True" result="Success" executed="True" />
              <test-case description="Has example help" name="Test help for Get-RLCompany.Has example help" time="0.008" asserts="0" success="True" result="Success" executed="True" />
              <test-suite type="ParameterizedTest" name="Test help for &lt;_.Name&gt;.Help link &lt;_&gt; is valid" executed="True" result="Success" success="True" time="0.8593" asserts="0" description="Help link &lt;_&gt; is valid">
                <results>
                  <test-case description="Help link https://rocketlaunch.live is valid" name="Test help for Get-RLCompany.Help link https://rocketlaunch.live is valid" time="0.375" asserts="0" success="True" result="Success" executed="True" />
                  <test-case description="Help link https://github.com/andysq62/PSRocketLaunch.git is valid" name="Test help for Get-RLCompany.Help link https://github.com/andysq62/PSRocketLaunch.git is valid" time="0.4842" asserts="0" success="True" result="Success" executed="True" />
                </results>
              </test-suite>
            </results>
          </test-suite>
          <test-suite type="TestFixture" name="Test help for Get-RLLaunch" executed="True" result="Success" success="True" time="2.5934" asserts="0" description="Test help for Get-RLLaunch">
            <results>
              <test-suite type="TestFixture" name="Test help for Get-RLLaunch.Parameter AfterDate" executed="True" result="Success" success="True" time="1.1244" asserts="0" description="Test help for Get-RLLaunch.Parameter AfterDate">
                <results>
                  <test-case description="Has description" name="Test help for Get-RLLaunch.Parameter AfterDate.Has description" time="0.0206" asserts="0" success="True" result="Success" executed="True" />
                  <test-case description="Has correct [mandatory] value" name="Test help for Get-RLLaunch.Parameter AfterDate.Has correct [mandatory] value" time="0.0104" asserts="0" success="True" result="Success" executed="True" />
                  <test-case description="Has correct parameter type" name="Test help for Get-RLLaunch.Parameter AfterDate.Has correct parameter type" time="0.0084" asserts="0" success="True" result="Success" executed="True" />
                </results>
              </test-suite>
              <test-suite type="TestFixture" name="Test help for Get-RLLaunch.Parameter BeforeDate" executed="True" result="Success" success="True" time="1.1658" asserts="0" description="Test help for Get-RLLaunch.Parameter BeforeDate">
                <results>
                  <test-case description="Has description" name="Test help for Get-RLLaunch.Parameter BeforeDate.Has description" time="0.0108" asserts="0" success="True" result="Success" executed="True" />
                  <test-case description="Has correct [mandatory] value" name="Test help for Get-RLLaunch.Parameter BeforeDate.Has correct [mandatory] value" time="0.0097" asserts="0" success="True" result="Success" executed="True" />
                  <test-case description="Has correct parameter type" name="Test help for Get-RLLaunch.Parameter BeforeDate.Has correct parameter type" time="0.0175" asserts="0" success="True" result="Success" executed="True" />
                </results>
              </test-suite>
              <test-suite type="TestFixture" name="Test help for Get-RLLaunch.Parameter ID" executed="True" result="Success" success="True" time="1.2055" asserts="0" description="Test help for Get-RLLaunch.Parameter ID">
                <results>
                  <test-case description="Has description" name="Test help for Get-RLLaunch.Parameter ID.Has description" time="0.014" asserts="0" success="True" result="Success" executed="True" />
                  <test-case description="Has correct [mandatory] value" name="Test help for Get-RLLaunch.Parameter ID.Has correct [mandatory] value" time="0.0086" asserts="0" success="True" result="Success" executed="True" />
                  <test-case description="Has correct parameter type" name="Test help for Get-RLLaunch.Parameter ID.Has correct parameter type" time="0.0127" asserts="0" success="True" result="Success" executed="True" />
                </results>
              </test-suite>
              <test-suite type="TestFixture" name="Test help for Get-RLLaunch.Parameter LocationID" executed="True" result="Success" success="True" time="1.266" asserts="0" description="Test help for Get-RLLaunch.Parameter LocationID">
                <results>
                  <test-case description="Has description" name="Test help for Get-RLLaunch.Parameter LocationID.Has description" time="0.0193" asserts="0" success="True" result="Success" executed="True" />
                  <test-case description="Has correct [mandatory] value" name="Test help for Get-RLLaunch.Parameter LocationID.Has correct [mandatory] value" time="0.0146" asserts="0" success="True" result="Success" executed="True" />
                  <test-case description="Has correct parameter type" name="Test help for Get-RLLaunch.Parameter LocationID.Has correct parameter type" time="0.0136" asserts="0" success="True" result="Success" executed="True" />
                </results>
              </test-suite>
              <test-suite type="TestFixture" name="Test help for Get-RLLaunch.Parameter PadID" executed="True" result="Success" success="True" time="1.3148" asserts="0" description="Test help for Get-RLLaunch.Parameter PadID">
                <results>
                  <test-case description="Has description" name="Test help for Get-RLLaunch.Parameter PadID.Has description" time="0.0149" asserts="0" success="True" result="Success" executed="True" />
                  <test-case description="Has correct [mandatory] value" name="Test help for Get-RLLaunch.Parameter PadID.Has correct [mandatory] value" time="0.0187" asserts="0" success="True" result="Success" executed="True" />
                  <test-case description="Has correct parameter type" name="Test help for Get-RLLaunch.Parameter PadID.Has correct parameter type" time="0.0112" asserts="0" success="True" result="Success" executed="True" />
                </results>
              </test-suite>
              <test-suite type="TestFixture" name="Test help for Get-RLLaunch.Parameter Page" executed="True" result="Success" success="True" time="1.3622" asserts="0" description="Test help for Get-RLLaunch.Parameter Page">
                <results>
                  <test-case description="Has description" name="Test help for Get-RLLaunch.Parameter Page.Has description" time="0.0141" asserts="0" success="True" result="Success" executed="True" />
                  <test-case description="Has correct [mandatory] value" name="Test help for Get-RLLaunch.Parameter Page.Has correct [mandatory] value" time="0.0102" asserts="0" success="True" result="Success" executed="True" />
                  <test-case description="Has correct parameter type" name="Test help for Get-RLLaunch.Parameter Page.Has correct parameter type" time="0.0195" asserts="0" success="True" result="Success" executed="True" />
                </results>
              </test-suite>
              <test-suite type="TestFixture" name="Test help for Get-RLLaunch.Parameter ProviderID" executed="True" result="Success" success="True" time="1.398" asserts="0" description="Test help for Get-RLLaunch.Parameter ProviderID">
                <results>
                  <test-case description="Has description" name="Test help for Get-RLLaunch.Parameter ProviderID.Has description" time="0.0152" asserts="0" success="True" result="Success" executed="True" />
                  <test-case description="Has correct [mandatory] value" name="Test help for Get-RLLaunch.Parameter ProviderID.Has correct [mandatory] value" time="0.0081" asserts="0" success="True" result="Success" executed="True" />
                  <test-case description="Has correct parameter type" name="Test help for Get-RLLaunch.Parameter ProviderID.Has correct parameter type" time="0.009" asserts="0" success="True" result="Success" executed="True" />
                </results>
              </test-suite>
              <test-suite type="TestFixture" name="Test help for Get-RLLaunch.Parameter Search" executed="True" result="Success" success="True" time="1.4426" asserts="0" description="Test help for Get-RLLaunch.Parameter Search">
                <results>
                  <test-case description="Has description" name="Test help for Get-RLLaunch.Parameter Search.Has description" time="0.0222" asserts="0" success="True" result="Success" executed="True" />
                  <test-case description="Has correct [mandatory] value" name="Test help for Get-RLLaunch.Parameter Search.Has correct [mandatory] value" time="0.0094" asserts="0" success="True" result="Success" executed="True" />
                  <test-case description="Has correct parameter type" name="Test help for Get-RLLaunch.Parameter Search.Has correct parameter type" time="0.008" asserts="0" success="True" result="Success" executed="True" />
                </results>
              </test-suite>
              <test-suite type="TestFixture" name="Test help for Get-RLLaunch.Parameter VehicleID" executed="True" result="Success" success="True" time="1.4864" asserts="0" description="Test help for Get-RLLaunch.Parameter VehicleID">
                <results>
                  <test-case description="Has description" name="Test help for Get-RLLaunch.Parameter VehicleID.Has description" time="0.0147" asserts="0" success="True" result="Success" executed="True" />
                  <test-case description="Has correct [mandatory] value" name="Test help for Get-RLLaunch.Parameter VehicleID.Has correct [mandatory] value" time="0.0087" asserts="0" success="True" result="Success" executed="True" />
                  <test-case description="Has correct parameter type" name="Test help for Get-RLLaunch.Parameter VehicleID.Has correct parameter type" time="0.0084" asserts="0" success="True" result="Success" executed="True" />
                </results>
              </test-suite>
              <test-case description="Help is not auto-generated" name="Test help for Get-RLLaunch.Help is not auto-generated" time="0.0186" asserts="0" success="True" result="Success" executed="True" />
              <test-case description="Has description" name="Test help for Get-RLLaunch.Has description" time="0.0086" asserts="0" success="True" result="Success" executed="True" />
              <test-case description="Has example code" name="Test help for Get-RLLaunch.Has example code" time="0.0089" asserts="0" success="True" result="Success" executed="True" />
              <test-case description="Has example help" name="Test help for Get-RLLaunch.Has example help" time="0.0154" asserts="0" success="True" result="Success" executed="True" />
              <test-suite type="ParameterizedTest" name="Test help for &lt;_.Name&gt;.Help link &lt;_&gt; is valid" executed="True" result="Success" success="True" time="1.0294" asserts="0" description="Help link &lt;_&gt; is valid">
                <results>
                  <test-case description="Help link https://rocketlaunch.live is valid" name="Test help for Get-RLLaunch.Help link https://rocketlaunch.live is valid" time="0.8284" asserts="0" success="True" result="Success" executed="True" />
                  <test-case description="Help link https://github.com/andysq62/PSRocketLaunch.git is valid" name="Test help for Get-RLLaunch.Help link https://github.com/andysq62/PSRocketLaunch.git is valid" time="0.201" asserts="0" success="True" result="Success" executed="True" />
                </results>
              </test-suite>
            </results>
          </test-suite>
          <test-suite type="TestFixture" name="Test help for Get-RLLocation" executed="True" result="Success" success="True" time="3.4283" asserts="0" description="Test help for Get-RLLocation">
            <results>
              <test-suite type="TestFixture" name="Test help for Get-RLLocation.Parameter CountryCode" executed="True" result="Success" success="True" time="0.6604" asserts="0" description="Test help for Get-RLLocation.Parameter CountryCode">
                <results>
                  <test-case description="Has description" name="Test help for Get-RLLocation.Parameter CountryCode.Has description" time="0.016" asserts="0" success="True" result="Success" executed="True" />
                  <test-case description="Has correct [mandatory] value" name="Test help for Get-RLLocation.Parameter CountryCode.Has correct [mandatory] value" time="0.0146" asserts="0" success="True" result="Success" executed="True" />
                  <test-case description="Has correct parameter type" name="Test help for Get-RLLocation.Parameter CountryCode.Has correct parameter type" time="0.011" asserts="0" success="True" result="Success" executed="True" />
                </results>
              </test-suite>
              <test-suite type="TestFixture" name="Test help for Get-RLLocation.Parameter ID" executed="True" result="Success" success="True" time="0.7376" asserts="0" description="Test help for Get-RLLocation.Parameter ID">
                <results>
                  <test-case description="Has description" name="Test help for Get-RLLocation.Parameter ID.Has description" time="0.0245" asserts="0" success="True" result="Success" executed="True" />
                  <test-case description="Has correct [mandatory] value" name="Test help for Get-RLLocation.Parameter ID.Has correct [mandatory] value" time="0.0349" asserts="0" success="True" result="Success" executed="True" />
                  <test-case description="Has correct parameter type" name="Test help for Get-RLLocation.Parameter ID.Has correct parameter type" time="0.0134" asserts="0" success="True" result="Success" executed="True" />
                </results>
              </test-suite>
              <test-suite type="TestFixture" name="Test help for Get-RLLocation.Parameter Name" executed="True" result="Success" success="True" time="0.7767" asserts="0" description="Test help for Get-RLLocation.Parameter Name">
                <results>
                  <test-case description="Has description" name="Test help for Get-RLLocation.Parameter Name.Has description" time="0.0165" asserts="0" success="True" result="Success" executed="True" />
                  <test-case description="Has correct [mandatory] value" name="Test help for Get-RLLocation.Parameter Name.Has correct [mandatory] value" time="0.0081" asserts="0" success="True" result="Success" executed="True" />
                  <test-case description="Has correct parameter type" name="Test help for Get-RLLocation.Parameter Name.Has correct parameter type" time="0.0111" asserts="0" success="True" result="Success" executed="True" />
                </results>
              </test-suite>
              <test-suite type="TestFixture" name="Test help for Get-RLLocation.Parameter Page" executed="True" result="Success" success="True" time="0.8211" asserts="0" description="Test help for Get-RLLocation.Parameter Page">
                <results>
                  <test-case description="Has description" name="Test help for Get-RLLocation.Parameter Page.Has description" time="0.0208" asserts="0" success="True" result="Success" executed="True" />
                  <test-case description="Has correct [mandatory] value" name="Test help for Get-RLLocation.Parameter Page.Has correct [mandatory] value" time="0.0117" asserts="0" success="True" result="Success" executed="True" />
                  <test-case description="Has correct parameter type" name="Test help for Get-RLLocation.Parameter Page.Has correct parameter type" time="0.0086" asserts="0" success="True" result="Success" executed="True" />
                </results>
              </test-suite>
              <test-case description="Help is not auto-generated" name="Test help for Get-RLLocation.Help is not auto-generated" time="0.023" asserts="0" success="True" result="Success" executed="True" />
              <test-case description="Has description" name="Test help for Get-RLLocation.Has description" time="0.0082" asserts="0" success="True" result="Success" executed="True" />
              <test-case description="Has example code" name="Test help for Get-RLLocation.Has example code" time="0.0177" asserts="0" success="True" result="Success" executed="True" />
              <test-case description="Has example help" name="Test help for Get-RLLocation.Has example help" time="0.0111" asserts="0" success="True" result="Success" executed="True" />
              <test-suite type="ParameterizedTest" name="Test help for &lt;_.Name&gt;.Help link &lt;_&gt; is valid" executed="True" result="Success" success="True" time="0.541" asserts="0" description="Help link &lt;_&gt; is valid">
                <results>
                  <test-case description="Help link https://rocketlaunch.live is valid" name="Test help for Get-RLLocation.Help link https://rocketlaunch.live is valid" time="0.352" asserts="0" success="True" result="Success" executed="True" />
                  <test-case description="Help link https://github.com/andysq62/PSRocketLaunch.git is valid" name="Test help for Get-RLLocation.Help link https://github.com/andysq62/PSRocketLaunch.git is valid" time="0.189" asserts="0" success="True" result="Success" executed="True" />
                </results>
              </test-suite>
            </results>
          </test-suite>
          <test-suite type="TestFixture" name="Test help for Get-RLMission" executed="True" result="Success" success="True" time="4.2232" asserts="0" description="Test help for Get-RLMission">
            <results>
              <test-suite type="TestFixture" name="Test help for Get-RLMission.Parameter ID" executed="True" result="Success" success="True" time="0.6655" asserts="0" description="Test help for Get-RLMission.Parameter ID">
                <results>
                  <test-case description="Has description" name="Test help for Get-RLMission.Parameter ID.Has description" time="0.0164" asserts="0" success="True" result="Success" executed="True" />
                  <test-case description="Has correct [mandatory] value" name="Test help for Get-RLMission.Parameter ID.Has correct [mandatory] value" time="0.0123" asserts="0" success="True" result="Success" executed="True" />
                  <test-case description="Has correct parameter type" name="Test help for Get-RLMission.Parameter ID.Has correct parameter type" time="0.0111" asserts="0" success="True" result="Success" executed="True" />
                </results>
              </test-suite>
              <test-suite type="TestFixture" name="Test help for Get-RLMission.Parameter Name" executed="True" result="Success" success="True" time="0.7232" asserts="0" description="Test help for Get-RLMission.Parameter Name">
                <results>
                  <test-case description="Has description" name="Test help for Get-RLMission.Parameter Name.Has description" time="0.0273" asserts="0" success="True" result="Success" executed="True" />
                  <test-case description="Has correct [mandatory] value" name="Test help for Get-RLMission.Parameter Name.Has correct [mandatory] value" time="0.0118" asserts="0" success="True" result="Success" executed="True" />
                  <test-case description="Has correct parameter type" name="Test help for Get-RLMission.Parameter Name.Has correct parameter type" time="0.0131" asserts="0" success="True" result="Success" executed="True" />
                </results>
              </test-suite>
              <test-suite type="TestFixture" name="Test help for Get-RLMission.Parameter Page" executed="True" result="Success" success="True" time="0.7802" asserts="0" description="Test help for Get-RLMission.Parameter Page">
                <results>
                  <test-case description="Has description" name="Test help for Get-RLMission.Parameter Page.Has description" time="0.017" asserts="0" success="True" result="Success" executed="True" />
                  <test-case description="Has correct [mandatory] value" name="Test help for Get-RLMission.Parameter Page.Has correct [mandatory] value" time="0.0154" asserts="0" success="True" result="Success" executed="True" />
                  <test-case description="Has correct parameter type" name="Test help for Get-RLMission.Parameter Page.Has correct parameter type" time="0.0206" asserts="0" success="True" result="Success" executed="True" />
                </results>
              </test-suite>
              <test-case description="Help is not auto-generated" name="Test help for Get-RLMission.Help is not auto-generated" time="0.0216" asserts="0" success="True" result="Success" executed="True" />
              <test-case description="Has description" name="Test help for Get-RLMission.Has description" time="0.0176" asserts="0" success="True" result="Success" executed="True" />
              <test-case description="Has example code" name="Test help for Get-RLMission.Has example code" time="0.0077" asserts="0" success="True" result="Success" executed="True" />
              <test-case description="Has example help" name="Test help for Get-RLMission.Has example help" time="0.0098" asserts="0" success="True" result="Success" executed="True" />
              <test-suite type="ParameterizedTest" name="Test help for &lt;_.Name&gt;.Help link &lt;_&gt; is valid" executed="True" result="Success" success="True" time="0.5611" asserts="0" description="Help link &lt;_&gt; is valid">
                <results>
                  <test-case description="Help link https://rocketlaunch.live is valid" name="Test help for Get-RLMission.Help link https://rocketlaunch.live is valid" time="0.3462" asserts="0" success="True" result="Success" executed="True" />
                  <test-case description="Help link https://github.com/andysq62/PSRocketLaunch.git is valid" name="Test help for Get-RLMission.Help link https://github.com/andysq62/PSRocketLaunch.git is valid" time="0.2149" asserts="0" success="True" result="Success" executed="True" />
                </results>
              </test-suite>
            </results>
          </test-suite>
          <test-suite type="TestFixture" name="Test help for Get-RLPad" executed="True" result="Success" success="True" time="5.0923" asserts="0" description="Test help for Get-RLPad">
            <results>
              <test-suite type="TestFixture" name="Test help for Get-RLPad.Parameter CountryCode" executed="True" result="Success" success="True" time="0.7215" asserts="0" description="Test help for Get-RLPad.Parameter CountryCode">
                <results>
                  <test-case description="Has description" name="Test help for Get-RLPad.Parameter CountryCode.Has description" time="0.0223" asserts="0" success="True" result="Success" executed="True" />
                  <test-case description="Has correct [mandatory] value" name="Test help for Get-RLPad.Parameter CountryCode.Has correct [mandatory] value" time="0.0093" asserts="0" success="True" result="Success" executed="True" />
                  <test-case description="Has correct parameter type" name="Test help for Get-RLPad.Parameter CountryCode.Has correct parameter type" time="0.0106" asserts="0" success="True" result="Success" executed="True" />
                </results>
              </test-suite>
              <test-suite type="TestFixture" name="Test help for Get-RLPad.Parameter ID" executed="True" result="Success" success="True" time="0.7716" asserts="0" description="Test help for Get-RLPad.Parameter ID">
                <results>
                  <test-case description="Has description" name="Test help for Get-RLPad.Parameter ID.Has description" time="0.017" asserts="0" success="True" result="Success" executed="True" />
                  <test-case description="Has correct [mandatory] value" name="Test help for Get-RLPad.Parameter ID.Has correct [mandatory] value" time="0.0172" asserts="0" success="True" result="Success" executed="True" />
                  <test-case description="Has correct parameter type" name="Test help for Get-RLPad.Parameter ID.Has correct parameter type" time="0.0118" asserts="0" success="True" result="Success" executed="True" />
                </results>
              </test-suite>
              <test-suite type="TestFixture" name="Test help for Get-RLPad.Parameter Name" executed="True" result="Success" success="True" time="0.8169" asserts="0" description="Test help for Get-RLPad.Parameter Name">
                <results>
                  <test-case description="Has description" name="Test help for Get-RLPad.Parameter Name.Has description" time="0.0155" asserts="0" success="True" result="Success" executed="True" />
                  <test-case description="Has correct [mandatory] value" name="Test help for Get-RLPad.Parameter Name.Has correct [mandatory] value" time="0.0089" asserts="0" success="True" result="Success" executed="True" />
                  <test-case description="Has correct parameter type" name="Test help for Get-RLPad.Parameter Name.Has correct parameter type" time="0.011" asserts="0" success="True" result="Success" executed="True" />
                </results>
              </test-suite>
              <test-suite type="TestFixture" name="Test help for Get-RLPad.Parameter Page" executed="True" result="Success" success="True" time="0.852" asserts="0" description="Test help for Get-RLPad.Parameter Page">
                <results>
                  <test-case description="Has description" name="Test help for Get-RLPad.Parameter Page.Has description" time="0.0134" asserts="0" success="True" result="Success" executed="True" />
                  <test-case description="Has correct [mandatory] value" name="Test help for Get-RLPad.Parameter Page.Has correct [mandatory] value" time="0.0103" asserts="0" success="True" result="Success" executed="True" />
                  <test-case description="Has correct parameter type" name="Test help for Get-RLPad.Parameter Page.Has correct parameter type" time="0.0078" asserts="0" success="True" result="Success" executed="True" />
                </results>
              </test-suite>
              <test-case description="Help is not auto-generated" name="Test help for Get-RLPad.Help is not auto-generated" time="0.0224" asserts="0" success="True" result="Success" executed="True" />
              <test-case description="Has description" name="Test help for Get-RLPad.Has description" time="0.0075" asserts="0" success="True" result="Success" executed="True" />
              <test-case description="Has example code" name="Test help for Get-RLPad.Has example code" time="0.0162" asserts="0" success="True" result="Success" executed="True" />
              <test-case description="Has example help" name="Test help for Get-RLPad.Has example help" time="0.0096" asserts="0" success="True" result="Success" executed="True" />
              <test-suite type="ParameterizedTest" name="Test help for &lt;_.Name&gt;.Help link &lt;_&gt; is valid" executed="True" result="Success" success="True" time="0.6188" asserts="0" description="Help link &lt;_&gt; is valid">
                <results>
                  <test-case description="Help link https://rocketlaunch.live is valid" name="Test help for Get-RLPad.Help link https://rocketlaunch.live is valid" time="0.4009" asserts="0" success="True" result="Success" executed="True" />
                  <test-case description="Help link https://github.com/andysq62/PSRocketLaunch.git is valid" name="Test help for Get-RLPad.Help link https://github.com/andysq62/PSRocketLaunch.git is valid" time="0.2179" asserts="0" success="True" result="Success" executed="True" />
                </results>
              </test-suite>
            </results>
          </test-suite>
          <test-suite type="TestFixture" name="Test help for Get-RLVehicle" executed="True" result="Success" success="True" time="5.8896" asserts="0" description="Test help for Get-RLVehicle">
            <results>
              <test-suite type="TestFixture" name="Test help for Get-RLVehicle.Parameter ID" executed="True" result="Success" success="True" time="0.6993" asserts="0" description="Test help for Get-RLVehicle.Parameter ID">
                <results>
                  <test-case description="Has description" name="Test help for Get-RLVehicle.Parameter ID.Has description" time="0.013" asserts="0" success="True" result="Success" executed="True" />
                  <test-case description="Has correct [mandatory] value" name="Test help for Get-RLVehicle.Parameter ID.Has correct [mandatory] value" time="0.0083" asserts="0" success="True" result="Success" executed="True" />
                  <test-case description="Has correct parameter type" name="Test help for Get-RLVehicle.Parameter ID.Has correct parameter type" time="0.0126" asserts="0" success="True" result="Success" executed="True" />
                </results>
              </test-suite>
              <test-suite type="TestFixture" name="Test help for Get-RLVehicle.Parameter Name" executed="True" result="Success" success="True" time="0.736" asserts="0" description="Test help for Get-RLVehicle.Parameter Name">
                <results>
                  <test-case description="Has description" name="Test help for Get-RLVehicle.Parameter Name.Has description" time="0.0175" asserts="0" success="True" result="Success" executed="True" />
                  <test-case description="Has correct [mandatory] value" name="Test help for Get-RLVehicle.Parameter Name.Has correct [mandatory] value" time="0.0082" asserts="0" success="True" result="Success" executed="True" />
                  <test-case description="Has correct parameter type" name="Test help for Get-RLVehicle.Parameter Name.Has correct parameter type" time="0.008" asserts="0" success="True" result="Success" executed="True" />
                </results>
              </test-suite>
              <test-suite type="TestFixture" name="Test help for Get-RLVehicle.Parameter Page" executed="True" result="Success" success="True" time="0.7831" asserts="0" description="Test help for Get-RLVehicle.Parameter Page">
                <results>
                  <test-case description="Has description" name="Test help for Get-RLVehicle.Parameter Page.Has description" time="0.0239" asserts="0" success="True" result="Success" executed="True" />
                  <test-case description="Has correct [mandatory] value" name="Test help for Get-RLVehicle.Parameter Page.Has correct [mandatory] value" time="0.0104" asserts="0" success="True" result="Success" executed="True" />
                  <test-case description="Has correct parameter type" name="Test help for Get-RLVehicle.Parameter Page.Has correct parameter type" time="0.0082" asserts="0" success="True" result="Success" executed="True" />
                </results>
              </test-suite>
              <test-case description="Help is not auto-generated" name="Test help for Get-RLVehicle.Help is not auto-generated" time="0.028" asserts="0" success="True" result="Success" executed="True" />
              <test-case description="Has description" name="Test help for Get-RLVehicle.Has description" time="0.0076" asserts="0" success="True" result="Success" executed="True" />
              <test-case description="Has example code" name="Test help for Get-RLVehicle.Has example code" time="0.0106" asserts="0" success="True" result="Success" executed="True" />
              <test-case description="Has example help" name="Test help for Get-RLVehicle.Has example help" time="0.0076" asserts="0" success="True" result="Success" executed="True" />
              <test-suite type="ParameterizedTest" name="Test help for &lt;_.Name&gt;.Help link &lt;_&gt; is valid" executed="True" result="Success" success="True" time="0.6003" asserts="0" description="Help link &lt;_&gt; is valid">
                <results>
                  <test-case description="Help link https://rocketlaunch.live is valid" name="Test help for Get-RLVehicle.Help link https://rocketlaunch.live is valid" time="0.414" asserts="0" success="True" result="Success" executed="True" />
                  <test-case description="Help link https://github.com/andysq62/PSRocketLaunch.git is valid" name="Test help for Get-RLVehicle.Help link https://github.com/andysq62/PSRocketLaunch.git is valid" time="0.1863" asserts="0" success="True" result="Success" executed="True" />
                </results>
              </test-suite>
            </results>
          </test-suite>
          <test-suite type="TestFixture" name="Test help for Invoke-RLMethod" executed="True" result="Success" success="True" time="7.1668" asserts="0" description="Test help for Invoke-RLMethod">
            <results>
              <test-suite type="TestFixture" name="Test help for Invoke-RLMethod.Parameter Entity" executed="True" result="Success" success="True" time="1.1884" asserts="0" description="Test help for Invoke-RLMethod.Parameter Entity">
                <results>
                  <test-case description="Has description" name="Test help for Invoke-RLMethod.Parameter Entity.Has description" time="0.0301" asserts="0" success="True" result="Success" executed="True" />
                  <test-case description="Has correct [mandatory] value" name="Test help for Invoke-RLMethod.Parameter Entity.Has correct [mandatory] value" time="0.0135" asserts="0" success="True" result="Success" executed="True" />
                  <test-case description="Has correct parameter type" name="Test help for Invoke-RLMethod.Parameter Entity.Has correct parameter type" time="0.0132" asserts="0" success="True" result="Success" executed="True" />
                </results>
              </test-suite>
              <test-suite type="TestFixture" name="Test help for Invoke-RLMethod.Parameter query" executed="True" result="Success" success="True" time="1.2608" asserts="0" description="Test help for Invoke-RLMethod.Parameter query">
                <results>
                  <test-case description="Has description" name="Test help for Invoke-RLMethod.Parameter query.Has description" time="0.0295" asserts="0" success="True" result="Success" executed="True" />
                  <test-case description="Has correct [mandatory] value" name="Test help for Invoke-RLMethod.Parameter query.Has correct [mandatory] value" time="0.0156" asserts="0" success="True" result="Success" executed="True" />
                  <test-case description="Has correct parameter type" name="Test help for Invoke-RLMethod.Parameter query.Has correct parameter type" time="0.0227" asserts="0" success="True" result="Success" executed="True" />
                </results>
              </test-suite>
              <test-case description="Help is not auto-generated" name="Test help for Invoke-RLMethod.Help is not auto-generated" time="0.0197" asserts="0" success="True" result="Success" executed="True" />
              <test-case description="Has description" name="Test help for Invoke-RLMethod.Has description" time="0.0097" asserts="0" success="True" result="Success" executed="True" />
              <test-case description="Has example code" name="Test help for Invoke-RLMethod.Has example code" time="0.0129" asserts="0" success="True" result="Success" executed="True" />
              <test-case description="Has example help" name="Test help for Invoke-RLMethod.Has example help" time="0.0151" asserts="0" success="True" result="Success" executed="True" />
              <test-suite type="ParameterizedTest" name="Test help for &lt;_.Name&gt;.Help link &lt;_&gt; is valid" executed="True" result="Success" success="True" time="1.0686" asserts="0" description="Help link &lt;_&gt; is valid">
                <results>
                  <test-case description="Help link https://rocketlaunch.live is valid" name="Test help for Invoke-RLMethod.Help link https://rocketlaunch.live is valid" time="0.8718" asserts="0" success="True" result="Success" executed="True" />
                  <test-case description="Help link https://github.com/andysq62/PSRocketLaunch.git is valid" name="Test help for Invoke-RLMethod.Help link https://github.com/andysq62/PSRocketLaunch.git is valid" time="0.1968" asserts="0" success="True" result="Success" executed="True" />
                </results>
              </test-suite>
            </results>
          </test-suite>
        </results>
      </test-suite>
      <test-suite type="TestFixture" name="C:\Scripts\Repositories\PSRocketLaunch\tests\Manifest.tests.ps1" executed="True" result="Ignored" success="True" time="0.387" asserts="0" description="C:\Scripts\Repositories\PSRocketLaunch\tests\Manifest.tests.ps1">
        <results>
          <test-suite type="TestFixture" name="Module manifest" executed="True" result="Success" success="True" time="0.1516" asserts="0" description="Module manifest">
            <results>
              <test-suite type="TestFixture" name="Module manifest.Validation" executed="True" result="Success" success="True" time="0.1489" asserts="0" description="Module manifest.Validation">
                <results>
                  <test-case description="Has a valid manifest" name="Module manifest.Validation.Has a valid manifest" time="0.0347" asserts="0" success="True" result="Success" executed="True" />
                  <test-case description="Has a valid name in the manifest" name="Module manifest.Validation.Has a valid name in the manifest" time="0.0103" asserts="0" success="True" result="Success" executed="True" />
                  <test-case description="Has a valid root module" name="Module manifest.Validation.Has a valid root module" time="0.009" asserts="0" success="True" result="Success" executed="True" />
                  <test-case description="Has a valid version in the manifest" name="Module manifest.Validation.Has a valid version in the manifest" time="0.01" asserts="0" success="True" result="Success" executed="True" />
                  <test-case description="Has a valid description" name="Module manifest.Validation.Has a valid description" time="0.0128" asserts="0" success="True" result="Success" executed="True" />
                  <test-case description="Has a valid author" name="Module manifest.Validation.Has a valid author" time="0.0116" asserts="0" success="True" result="Success" executed="True" />
                  <test-case description="Has a valid guid" name="Module manifest.Validation.Has a valid guid" time="0.0111" asserts="0" success="True" result="Success" executed="True" />
                  <test-case description="Has a valid copyright" name="Module manifest.Validation.Has a valid copyright" time="0.0118" asserts="0" success="True" result="Success" executed="True" />
                  <test-case description="Has a valid version in the changelog" name="Module manifest.Validation.Has a valid version in the changelog" time="0.022" asserts="0" success="True" result="Success" executed="True" />
                  <test-case description="Changelog and manifest versions are the same" name="Module manifest.Validation.Changelog and manifest versions are the same" time="0.0116" asserts="0" success="True" result="Success" executed="True" />
                </results>
              </test-suite>
            </results>
          </test-suite>
          <test-suite type="TestFixture" name="Git tagging" executed="True" result="Ignored" success="True" time="0.1808" asserts="0" description="Git tagging">
            <results>
              <test-case description="Is tagged with a valid version" name="Git tagging.Is tagged with a valid version" time="0.0187" asserts="0" success="False" result="Ignored" executed="False" />
              <test-case description="Matches manifest version" name="Git tagging.Matches manifest version" time="0.0076" asserts="0" success="False" result="Ignored" executed="False" />
            </results>
          </test-suite>
        </results>
      </test-suite>
      <test-suite type="TestFixture" name="C:\Scripts\Repositories\PSRocketLaunch\tests\Meta.tests.ps1" executed="True" result="Success" success="True" time="0.2493" asserts="0" description="C:\Scripts\Repositories\PSRocketLaunch\tests\Meta.tests.ps1">
        <results>
          <test-suite type="TestFixture" name="Text files formatting" executed="True" result="Success" success="True" time="0.0595" asserts="0" description="Text files formatting">
            <results>
              <test-suite type="TestFixture" name="Text files formatting.File encoding" executed="True" result="Success" success="True" time="0.0335" asserts="0" description="Text files formatting.File encoding">
                <results>
                  <test-case description="No text file uses Unicode/UTF-16 encoding" name="Text files formatting.File encoding.No text file uses Unicode/UTF-16 encoding" time="0.0231" asserts="0" success="True" result="Success" executed="True" />
                </results>
              </test-suite>
              <test-suite type="TestFixture" name="Text files formatting.Indentations" executed="True" result="Success" success="True" time="0.056" asserts="0" description="Text files formatting.Indentations">
                <results>
                  <test-case description="No text file use tabs for indentations" name="Text files formatting.Indentations.No text file use tabs for indentations" time="0.0192" asserts="0" success="True" result="Success" executed="True" />
                </results>
              </test-suite>
            </results>
          </test-suite>
        </results>
      </test-suite>
    </results>
  </test-suite>
</test-results>